Restore Archived Project report for ghrd_agfb014r24b2e2v
Thu Jan 11 12:41:03 2024
Quartus Prime Version 23.4.0 Build 79 11/22/2023 SC Pro Edition


---------------------
; Table of Contents ;
---------------------
  1. Legal Notice
  2. Restore Archived Project Summary
  3. Restore Archived Project Messages
  4. Files Restored
  5. Files Not Restored



----------------
; Legal Notice ;
----------------
Copyright (C) 2023  Intel Corporation. All rights reserved.
Your use of Intel Corporation's design tools, logic functions 
and other software and tools, and any partner logic 
functions, and any output files from any of the foregoing 
(including device programming or simulation files), and any 
associated documentation or information are expressly subject 
to the terms and conditions of the Intel Program License 
Subscription Agreement, the Intel Quartus Prime License Agreement,
the Intel FPGA IP License Agreement, or other applicable license
agreement, including, without limitation, that your use is for
the sole purpose of programming logic devices manufactured by
Intel and sold by Intel or its authorized distributors.  Please
refer to the Intel FPGA Software License Subscription Agreements 
on the Quartus Prime software download page.



+-------------------------------------------------------------------------+
; Restore Archived Project Summary                                        ;
+---------------------------------+---------------------------------------+
; Restore Archived Project Status ; Successful - Thu Jan 11 12:40:59 2024 ;
; Revision Name                   ; ghrd_agfb014r24b2e2v                  ;
; Top-level Entity Name           ; ghrd_agilex_top                       ;
; Family                          ; Agilex 7                              ;
+---------------------------------+---------------------------------------+


+-----------------------------------+
; Restore Archived Project Messages ;
+-----------------------------------+
Info: Extracted '/home/sam-admin/fgh/ghrd_agfb014r24b2e2v_22_4_0_94.qar' into the '/home/sam-admin/fgh/naya/' directory
Info: Generated report 'ghrd_agfb014r24b2e2v.restore.rpt'
Info (23030): Evaluation of Tcl script /home/sam-admin/intelFPGA_pro/23.4/quartus/common/tcl/apps/qpm/qar.tcl was successful
Info: Quartus Prime Shell was successful. 0 errors, 0 warnings
    Info: Peak virtual memory: 1208 megabytes
    Info: Processing ended: Thu Jan 11 12:41:03 2024
    Info: Elapsed time: 00:00:08
    Info: System process ID: 11594


+-----------------------------------------------------------------------------------------------------------------------------------------------------+
; Files Restored                                                                                                                                      ;
+-----------------------------------------------------------------------------------------------------------------------------------------------------+
; File Name                                                                                                                                           ;
+-----------------------------------------------------------------------------------------------------------------------------------------------------+
; qar_info.json                                                                                                                                       ;
; assignment_defaults.qdf                                                                                                                             ;
; axi_conduit_merger_hw.tcl                                                                                                                           ;
; ghrd_agfb014r24b2e2v.qpf                                                                                                                            ;
; ghrd_agfb014r24b2e2v.qsf                                                                                                                            ;
; ghrd_timing.sdc                                                                                                                                     ;
; ip/qsys_top/agilex_hps.ip                                                                                                                           ;
; ip/qsys_top/agilex_hps/agilex_hps.bsf                                                                                                               ;
; ip/qsys_top/agilex_hps/agilex_hps.cmp                                                                                                               ;
; ip/qsys_top/agilex_hps/agilex_hps.html                                                                                                              ;
; ip/qsys_top/agilex_hps/agilex_hps.qgsynthc                                                                                                          ;
; ip/qsys_top/agilex_hps/agilex_hps.qip                                                                                                               ;
; ip/qsys_top/agilex_hps/agilex_hps.sopcinfo                                                                                                          ;
; ip/qsys_top/agilex_hps/agilex_hps.xml                                                                                                               ;
; ip/qsys_top/agilex_hps/agilex_hps_bb.v                                                                                                              ;
; ip/qsys_top/agilex_hps/agilex_hps_generation.rpt                                                                                                    ;
; ip/qsys_top/agilex_hps/agilex_hps_generation_previous.rpt                                                                                           ;
; ip/qsys_top/agilex_hps/agilex_hps_inst.v                                                                                                            ;
; ip/qsys_top/agilex_hps/agilex_hps_inst.vhd                                                                                                          ;
; ip/qsys_top/agilex_hps/intel_agilex_hps_2300/synth/agilex_hps_intel_agilex_hps_2300_dvdeiwa.v                                                       ;
; ip/qsys_top/agilex_hps/intel_agilex_interface_generator_191/synth/agilex_hps_intel_agilex_interface_generator_191_7evpvey.sdc                       ;
; ip/qsys_top/agilex_hps/intel_agilex_interface_generator_191/synth/agilex_hps_intel_agilex_interface_generator_191_7evpvey.sv                        ;
; ip/qsys_top/agilex_hps/intel_agilex_interface_generator_191/synth/hps_agi_lib.v                                                                     ;
; ip/qsys_top/agilex_hps/synth/agilex_hps.v                                                                                                           ;
; ip/qsys_top/clk_100.ip                                                                                                                              ;
; ip/qsys_top/clk_100/clk_100.bsf                                                                                                                     ;
; ip/qsys_top/clk_100/clk_100.cmp                                                                                                                     ;
; ip/qsys_top/clk_100/clk_100.html                                                                                                                    ;
; ip/qsys_top/clk_100/clk_100.qgsynthc                                                                                                                ;
; ip/qsys_top/clk_100/clk_100.qip                                                                                                                     ;
; ip/qsys_top/clk_100/clk_100.sopcinfo                                                                                                                ;
; ip/qsys_top/clk_100/clk_100.xml                                                                                                                     ;
; ip/qsys_top/clk_100/clk_100_bb.v                                                                                                                    ;
; ip/qsys_top/clk_100/clk_100_generation.rpt                                                                                                          ;
; ip/qsys_top/clk_100/clk_100_generation_previous.rpt                                                                                                 ;
; ip/qsys_top/clk_100/clk_100_inst.v                                                                                                                  ;
; ip/qsys_top/clk_100/clk_100_inst.vhd                                                                                                                ;
; ip/qsys_top/clk_100/synth/clk_100.v                                                                                                                 ;
; ip/qsys_top/emif_calbus_0.ip                                                                                                                        ;
; ip/qsys_top/emif_calbus_0/altera_emif_cal_262/synth/emif_calbus_0_altera_emif_cal_262_nkkelhq.v                                                     ;
; ip/qsys_top/emif_calbus_0/altera_emif_cal_iossm_262/synth/altera_emif_cal_iossm.sv                                                                  ;
; ip/qsys_top/emif_calbus_0/altera_emif_cal_iossm_262/synth/altera_emif_f2c_gearbox.sv                                                                ;
; ip/qsys_top/emif_calbus_0/altera_emif_cal_iossm_262/synth/emif_calbus_0_altera_emif_cal_iossm_262_xlix7da.sv                                        ;
; ip/qsys_top/emif_calbus_0/altera_emif_cal_iossm_262/synth/emif_calbus_0_altera_emif_cal_iossm_262_xlix7da_arch.sv                                   ;
; ip/qsys_top/emif_calbus_0/altera_emif_cal_iossm_262/synth/emif_calbus_0_altera_emif_cal_iossm_262_xlix7da_code.hex                                  ;
; ip/qsys_top/emif_calbus_0/altera_emif_cal_iossm_262/synth/emif_calbus_0_altera_emif_cal_iossm_262_xlix7da_sim_global_param_tbl.hex                  ;
; ip/qsys_top/emif_calbus_0/altera_emif_cal_iossm_262/synth/emif_calbus_0_altera_emif_cal_iossm_262_xlix7da_sim_global_param_tbl.txt                  ;
; ip/qsys_top/emif_calbus_0/altera_emif_cal_iossm_262/synth/emif_calbus_0_altera_emif_cal_iossm_262_xlix7da_synth_global_param_tbl.hex                ;
; ip/qsys_top/emif_calbus_0/altera_emif_cal_iossm_262/synth/emif_calbus_0_altera_emif_cal_iossm_262_xlix7da_synth_global_param_tbl.txt                ;
; ip/qsys_top/emif_calbus_0/emif_calbus_0.bsf                                                                                                         ;
; ip/qsys_top/emif_calbus_0/emif_calbus_0.cmp                                                                                                         ;
; ip/qsys_top/emif_calbus_0/emif_calbus_0.html                                                                                                        ;
; ip/qsys_top/emif_calbus_0/emif_calbus_0.qgsynthc                                                                                                    ;
; ip/qsys_top/emif_calbus_0/emif_calbus_0.qip                                                                                                         ;
; ip/qsys_top/emif_calbus_0/emif_calbus_0.sopcinfo                                                                                                    ;
; ip/qsys_top/emif_calbus_0/emif_calbus_0.xml                                                                                                         ;
; ip/qsys_top/emif_calbus_0/emif_calbus_0_bb.v                                                                                                        ;
; ip/qsys_top/emif_calbus_0/emif_calbus_0_generation.rpt                                                                                              ;
; ip/qsys_top/emif_calbus_0/emif_calbus_0_generation_previous.rpt                                                                                     ;
; ip/qsys_top/emif_calbus_0/emif_calbus_0_inst.v                                                                                                      ;
; ip/qsys_top/emif_calbus_0/emif_calbus_0_inst.vhd                                                                                                    ;
; ip/qsys_top/emif_calbus_0/synth/emif_calbus_0.v                                                                                                     ;
; ip/qsys_top/emif_hps.ip                                                                                                                             ;
; ip/qsys_top/emif_hps/altera_emif_arch_fm_191/synth/altera_emif_arch_fm_afi_if.sv                                                                    ;
; ip/qsys_top/emif_hps/altera_emif_arch_fm_191/synth/altera_emif_arch_fm_buf_bdir_df.sv                                                               ;
; ip/qsys_top/emif_hps/altera_emif_arch_fm_191/synth/altera_emif_arch_fm_buf_bdir_se.sv                                                               ;
; ip/qsys_top/emif_hps/altera_emif_arch_fm_191/synth/altera_emif_arch_fm_buf_udir_cp_i.sv                                                             ;
; ip/qsys_top/emif_hps/altera_emif_arch_fm_191/synth/altera_emif_arch_fm_buf_udir_df_i.sv                                                             ;
; ip/qsys_top/emif_hps/altera_emif_arch_fm_191/synth/altera_emif_arch_fm_buf_udir_df_o.sv                                                             ;
; ip/qsys_top/emif_hps/altera_emif_arch_fm_191/synth/altera_emif_arch_fm_buf_udir_se_i.sv                                                             ;
; ip/qsys_top/emif_hps/altera_emif_arch_fm_191/synth/altera_emif_arch_fm_buf_udir_se_o.sv                                                             ;
; ip/qsys_top/emif_hps/altera_emif_arch_fm_191/synth/altera_emif_arch_fm_buf_unused.sv                                                                ;
; ip/qsys_top/emif_hps/altera_emif_arch_fm_191/synth/altera_emif_arch_fm_bufs.sv                                                                      ;
; ip/qsys_top/emif_hps/altera_emif_arch_fm_191/synth/altera_emif_arch_fm_cal_counter.sv                                                               ;
; ip/qsys_top/emif_hps/altera_emif_arch_fm_191/synth/altera_emif_arch_fm_core_clks_rsts.sv                                                            ;
; ip/qsys_top/emif_hps/altera_emif_arch_fm_191/synth/altera_emif_arch_fm_hmc_amm_data_if.sv                                                           ;
; ip/qsys_top/emif_hps/altera_emif_arch_fm_191/synth/altera_emif_arch_fm_hmc_ast_data_if.sv                                                           ;
; ip/qsys_top/emif_hps/altera_emif_arch_fm_191/synth/altera_emif_arch_fm_hmc_avl_if.sv                                                                ;
; ip/qsys_top/emif_hps/altera_emif_arch_fm_191/synth/altera_emif_arch_fm_hmc_mmr_if.sv                                                                ;
; ip/qsys_top/emif_hps/altera_emif_arch_fm_191/synth/altera_emif_arch_fm_hmc_sideband_if.sv                                                           ;
; ip/qsys_top/emif_hps/altera_emif_arch_fm_191/synth/altera_emif_arch_fm_hps_clks_rsts.sv                                                             ;
; ip/qsys_top/emif_hps/altera_emif_arch_fm_191/synth/altera_emif_arch_fm_io_lane_remap.sv                                                             ;
; ip/qsys_top/emif_hps/altera_emif_arch_fm_191/synth/altera_emif_arch_fm_io_tiles.sv                                                                  ;
; ip/qsys_top/emif_hps/altera_emif_arch_fm_191/synth/altera_emif_arch_fm_io_tiles_wrap.sv                                                             ;
; ip/qsys_top/emif_hps/altera_emif_arch_fm_191/synth/altera_emif_arch_fm_local_reset.sv                                                               ;
; ip/qsys_top/emif_hps/altera_emif_arch_fm_191/synth/altera_emif_arch_fm_oct.sv                                                                       ;
; ip/qsys_top/emif_hps/altera_emif_arch_fm_191/synth/altera_emif_arch_fm_phylite_if.sv                                                                ;
; ip/qsys_top/emif_hps/altera_emif_arch_fm_191/synth/altera_emif_arch_fm_pll.sv                                                                       ;
; ip/qsys_top/emif_hps/altera_emif_arch_fm_191/synth/altera_emif_arch_fm_pll_extra_clks.sv                                                            ;
; ip/qsys_top/emif_hps/altera_emif_arch_fm_191/synth/altera_emif_arch_fm_pll_fast_sim.sv                                                              ;
; ip/qsys_top/emif_hps/altera_emif_arch_fm_191/synth/altera_emif_arch_fm_regs.sv                                                                      ;
; ip/qsys_top/emif_hps/altera_emif_arch_fm_191/synth/altera_emif_arch_fm_seq_if.sv                                                                    ;
; ip/qsys_top/emif_hps/altera_emif_arch_fm_191/synth/altera_emif_arch_fm_ufi_wrapper.sv                                                               ;
; ip/qsys_top/emif_hps/altera_emif_arch_fm_191/synth/altera_emif_arch_fm_ufis.sv                                                                      ;
; ip/qsys_top/emif_hps/altera_emif_arch_fm_191/synth/altera_std_synchronizer_nocut.v                                                                  ;
; ip/qsys_top/emif_hps/altera_emif_arch_fm_191/synth/emif_hps_altera_emif_arch_fm_191_rbandoq.sdc                                                     ;
; ip/qsys_top/emif_hps/altera_emif_arch_fm_191/synth/emif_hps_altera_emif_arch_fm_191_rbandoq.sv                                                      ;
; ip/qsys_top/emif_hps/altera_emif_arch_fm_191/synth/emif_hps_altera_emif_arch_fm_191_rbandoq_ip_parameters.dat                                       ;
; ip/qsys_top/emif_hps/altera_emif_arch_fm_191/synth/emif_hps_altera_emif_arch_fm_191_rbandoq_ip_parameters.tcl                                       ;
; ip/qsys_top/emif_hps/altera_emif_arch_fm_191/synth/emif_hps_altera_emif_arch_fm_191_rbandoq_parameters.tcl                                          ;
; ip/qsys_top/emif_hps/altera_emif_arch_fm_191/synth/emif_hps_altera_emif_arch_fm_191_rbandoq_pin_map.tcl                                             ;
; ip/qsys_top/emif_hps/altera_emif_arch_fm_191/synth/emif_hps_altera_emif_arch_fm_191_rbandoq_readme.txt                                              ;
; ip/qsys_top/emif_hps/altera_emif_arch_fm_191/synth/emif_hps_altera_emif_arch_fm_191_rbandoq_report_io_timing.tcl                                    ;
; ip/qsys_top/emif_hps/altera_emif_arch_fm_191/synth/emif_hps_altera_emif_arch_fm_191_rbandoq_report_timing.tcl                                       ;
; ip/qsys_top/emif_hps/altera_emif_arch_fm_191/synth/emif_hps_altera_emif_arch_fm_191_rbandoq_report_timing_core.tcl                                  ;
; ip/qsys_top/emif_hps/altera_emif_arch_fm_191/synth/emif_hps_altera_emif_arch_fm_191_rbandoq_seq_params_sim.txt                                      ;
; ip/qsys_top/emif_hps/altera_emif_arch_fm_191/synth/emif_hps_altera_emif_arch_fm_191_rbandoq_seq_params_synth.hex                                    ;
; ip/qsys_top/emif_hps/altera_emif_arch_fm_191/synth/emif_hps_altera_emif_arch_fm_191_rbandoq_seq_params_synth.txt                                    ;
; ip/qsys_top/emif_hps/altera_emif_arch_fm_191/synth/emif_hps_altera_emif_arch_fm_191_rbandoq_spice_files.zip                                         ;
; ip/qsys_top/emif_hps/altera_emif_arch_fm_191/synth/emif_hps_altera_emif_arch_fm_191_rbandoq_top.sv                                                  ;
; ip/qsys_top/emif_hps/altera_emif_arch_fm_191/synth/emif_hps_altera_emif_arch_fm_191_rbandoq_utils.tcl                                               ;
; ip/qsys_top/emif_hps/altera_emif_fm_hps_262/synth/emif_hps_altera_emif_fm_hps_262_hy4252i.v                                                         ;
; ip/qsys_top/emif_hps/emif_hps.bsf                                                                                                                   ;
; ip/qsys_top/emif_hps/emif_hps.cmp                                                                                                                   ;
; ip/qsys_top/emif_hps/emif_hps.html                                                                                                                  ;
; ip/qsys_top/emif_hps/emif_hps.qgsynthc                                                                                                              ;
; ip/qsys_top/emif_hps/emif_hps.qip                                                                                                                   ;
; ip/qsys_top/emif_hps/emif_hps.sopcinfo                                                                                                              ;
; ip/qsys_top/emif_hps/emif_hps.xml                                                                                                                   ;
; ip/qsys_top/emif_hps/emif_hps_bb.v                                                                                                                  ;
; ip/qsys_top/emif_hps/emif_hps_generation.rpt                                                                                                        ;
; ip/qsys_top/emif_hps/emif_hps_generation_previous.rpt                                                                                               ;
; ip/qsys_top/emif_hps/emif_hps_inst.v                                                                                                                ;
; ip/qsys_top/emif_hps/emif_hps_inst.vhd                                                                                                              ;
; ip/qsys_top/emif_hps/synth/emif_hps.v                                                                                                               ;
; ip/qsys_top/qsys_top_axi_conduit_merger_0.ip                                                                                                        ;
; ip/qsys_top/qsys_top_axi_conduit_merger_0/axi_conduit_merger_10/synth/axi_conduit_merger.v                                                          ;
; ip/qsys_top/qsys_top_axi_conduit_merger_0/qsys_top_axi_conduit_merger_0.bsf                                                                         ;
; ip/qsys_top/qsys_top_axi_conduit_merger_0/qsys_top_axi_conduit_merger_0.cmp                                                                         ;
; ip/qsys_top/qsys_top_axi_conduit_merger_0/qsys_top_axi_conduit_merger_0.html                                                                        ;
; ip/qsys_top/qsys_top_axi_conduit_merger_0/qsys_top_axi_conduit_merger_0.qgsynthc                                                                    ;
; ip/qsys_top/qsys_top_axi_conduit_merger_0/qsys_top_axi_conduit_merger_0.qip                                                                         ;
; ip/qsys_top/qsys_top_axi_conduit_merger_0/qsys_top_axi_conduit_merger_0.sopcinfo                                                                    ;
; ip/qsys_top/qsys_top_axi_conduit_merger_0/qsys_top_axi_conduit_merger_0.xml                                                                         ;
; ip/qsys_top/qsys_top_axi_conduit_merger_0/qsys_top_axi_conduit_merger_0_bb.v                                                                        ;
; ip/qsys_top/qsys_top_axi_conduit_merger_0/qsys_top_axi_conduit_merger_0_generation.rpt                                                              ;
; ip/qsys_top/qsys_top_axi_conduit_merger_0/qsys_top_axi_conduit_merger_0_generation_previous.rpt                                                     ;
; ip/qsys_top/qsys_top_axi_conduit_merger_0/qsys_top_axi_conduit_merger_0_inst.v                                                                      ;
; ip/qsys_top/qsys_top_axi_conduit_merger_0/qsys_top_axi_conduit_merger_0_inst.vhd                                                                    ;
; ip/qsys_top/qsys_top_axi_conduit_merger_0/synth/qsys_top_axi_conduit_merger_0.v                                                                     ;
; ip/qsys_top/qsys_top_msgdma_0.ip                                                                                                                    ;
; ip/qsys_top/qsys_top_msgdma_0/altera_msgdma_1922/synth/qsys_top_msgdma_0_altera_msgdma_1922_iwx37kq.v                                               ;
; ip/qsys_top/qsys_top_msgdma_0/dma_read_master_1920/synth/MM_to_ST_Adapter.v                                                                         ;
; ip/qsys_top/qsys_top_msgdma_0/dma_read_master_1920/synth/read_burst_control.v                                                                       ;
; ip/qsys_top/qsys_top_msgdma_0/dma_read_master_1920/synth/read_master.v                                                                              ;
; ip/qsys_top/qsys_top_msgdma_0/modular_sgdma_dispatcher_1920/synth/csr_block.v                                                                       ;
; ip/qsys_top/qsys_top_msgdma_0/modular_sgdma_dispatcher_1920/synth/descriptor_buffers.v                                                              ;
; ip/qsys_top/qsys_top_msgdma_0/modular_sgdma_dispatcher_1920/synth/dispatcher.v                                                                      ;
; ip/qsys_top/qsys_top_msgdma_0/modular_sgdma_dispatcher_1920/synth/fifo_with_byteenables.v                                                           ;
; ip/qsys_top/qsys_top_msgdma_0/modular_sgdma_dispatcher_1920/synth/read_signal_breakout.v                                                            ;
; ip/qsys_top/qsys_top_msgdma_0/modular_sgdma_dispatcher_1920/synth/response_block.v                                                                  ;
; ip/qsys_top/qsys_top_msgdma_0/modular_sgdma_dispatcher_1920/synth/write_signal_breakout.v                                                           ;
; ip/qsys_top/qsys_top_msgdma_0/qsys_top_msgdma_0.bsf                                                                                                 ;
; ip/qsys_top/qsys_top_msgdma_0/qsys_top_msgdma_0.cmp                                                                                                 ;
; ip/qsys_top/qsys_top_msgdma_0/qsys_top_msgdma_0.html                                                                                                ;
; ip/qsys_top/qsys_top_msgdma_0/qsys_top_msgdma_0.qgsynthc                                                                                            ;
; ip/qsys_top/qsys_top_msgdma_0/qsys_top_msgdma_0.qip                                                                                                 ;
; ip/qsys_top/qsys_top_msgdma_0/qsys_top_msgdma_0.regmap                                                                                              ;
; ip/qsys_top/qsys_top_msgdma_0/qsys_top_msgdma_0.sopcinfo                                                                                            ;
; ip/qsys_top/qsys_top_msgdma_0/qsys_top_msgdma_0.xml                                                                                                 ;
; ip/qsys_top/qsys_top_msgdma_0/qsys_top_msgdma_0_bb.v                                                                                                ;
; ip/qsys_top/qsys_top_msgdma_0/qsys_top_msgdma_0_generation.rpt                                                                                      ;
; ip/qsys_top/qsys_top_msgdma_0/qsys_top_msgdma_0_inst.v                                                                                              ;
; ip/qsys_top/qsys_top_msgdma_0/qsys_top_msgdma_0_inst.vhd                                                                                            ;
; ip/qsys_top/qsys_top_msgdma_0/synth/qsys_top_msgdma_0.v                                                                                             ;
; ip/qsys_top/qsys_top_onchip_memory2_0.ip                                                                                                            ;
; ip/qsys_top/qsys_top_onchip_memory2_0/altera_avalon_onchip_memory2_1936/synth/qsys_top_onchip_memory2_0_altera_avalon_onchip_memory2_1936_lgwpoqq.v ;
; ip/qsys_top/qsys_top_onchip_memory2_0/altera_avalon_onchip_memory2_1936/synth/qsys_top_onchip_memory2_0_onchip_memory2_0.hex                        ;
; ip/qsys_top/qsys_top_onchip_memory2_0/qsys_top_onchip_memory2_0.bsf                                                                                 ;
; ip/qsys_top/qsys_top_onchip_memory2_0/qsys_top_onchip_memory2_0.cmp                                                                                 ;
; ip/qsys_top/qsys_top_onchip_memory2_0/qsys_top_onchip_memory2_0.html                                                                                ;
; ip/qsys_top/qsys_top_onchip_memory2_0/qsys_top_onchip_memory2_0.qgsynthc                                                                            ;
; ip/qsys_top/qsys_top_onchip_memory2_0/qsys_top_onchip_memory2_0.qip                                                                                 ;
; ip/qsys_top/qsys_top_onchip_memory2_0/qsys_top_onchip_memory2_0.sopcinfo                                                                            ;
; ip/qsys_top/qsys_top_onchip_memory2_0/qsys_top_onchip_memory2_0.xml                                                                                 ;
; ip/qsys_top/qsys_top_onchip_memory2_0/qsys_top_onchip_memory2_0_bb.v                                                                                ;
; ip/qsys_top/qsys_top_onchip_memory2_0/qsys_top_onchip_memory2_0_generation.rpt                                                                      ;
; ip/qsys_top/qsys_top_onchip_memory2_0/qsys_top_onchip_memory2_0_generation_previous.rpt                                                             ;
; ip/qsys_top/qsys_top_onchip_memory2_0/qsys_top_onchip_memory2_0_inst.v                                                                              ;
; ip/qsys_top/qsys_top_onchip_memory2_0/qsys_top_onchip_memory2_0_inst.vhd                                                                            ;
; ip/qsys_top/qsys_top_onchip_memory2_0/synth/qsys_top_onchip_memory2_0.v                                                                             ;
; ip/qsys_top/qsys_top_pio_1.ip                                                                                                                       ;
; ip/qsys_top/qsys_top_pio_1/altera_avalon_pio_1920/synth/qsys_top_pio_1_altera_avalon_pio_1920_uoqj3ia.v                                             ;
; ip/qsys_top/qsys_top_pio_1/qsys_top_pio_1.bsf                                                                                                       ;
; ip/qsys_top/qsys_top_pio_1/qsys_top_pio_1.cmp                                                                                                       ;
; ip/qsys_top/qsys_top_pio_1/qsys_top_pio_1.html                                                                                                      ;
; ip/qsys_top/qsys_top_pio_1/qsys_top_pio_1.qgsynthc                                                                                                  ;
; ip/qsys_top/qsys_top_pio_1/qsys_top_pio_1.qip                                                                                                       ;
; ip/qsys_top/qsys_top_pio_1/qsys_top_pio_1.regmap                                                                                                    ;
; ip/qsys_top/qsys_top_pio_1/qsys_top_pio_1.sopcinfo                                                                                                  ;
; ip/qsys_top/qsys_top_pio_1/qsys_top_pio_1.xml                                                                                                       ;
; ip/qsys_top/qsys_top_pio_1/qsys_top_pio_1_bb.v                                                                                                      ;
; ip/qsys_top/qsys_top_pio_1/qsys_top_pio_1_generation.rpt                                                                                            ;
; ip/qsys_top/qsys_top_pio_1/qsys_top_pio_1_generation_previous.rpt                                                                                   ;
; ip/qsys_top/qsys_top_pio_1/qsys_top_pio_1_inst.v                                                                                                    ;
; ip/qsys_top/qsys_top_pio_1/qsys_top_pio_1_inst.vhd                                                                                                  ;
; ip/qsys_top/qsys_top_pio_1/synth/qsys_top_pio_1.v                                                                                                   ;
; ip/qsys_top/rst_in.ip                                                                                                                               ;
; ip/qsys_top/rst_in/rst_in.bsf                                                                                                                       ;
; ip/qsys_top/rst_in/rst_in.cmp                                                                                                                       ;
; ip/qsys_top/rst_in/rst_in.html                                                                                                                      ;
; ip/qsys_top/rst_in/rst_in.qgsynthc                                                                                                                  ;
; ip/qsys_top/rst_in/rst_in.qip                                                                                                                       ;
; ip/qsys_top/rst_in/rst_in.sopcinfo                                                                                                                  ;
; ip/qsys_top/rst_in/rst_in.xml                                                                                                                       ;
; ip/qsys_top/rst_in/rst_in_bb.v                                                                                                                      ;
; ip/qsys_top/rst_in/rst_in_generation.rpt                                                                                                            ;
; ip/qsys_top/rst_in/rst_in_generation_previous.rpt                                                                                                   ;
; ip/qsys_top/rst_in/rst_in_inst.v                                                                                                                    ;
; ip/qsys_top/rst_in/rst_in_inst.vhd                                                                                                                  ;
; ip/qsys_top/rst_in/synth/rst_in.v                                                                                                                   ;
; ip/qsys_top/user_rst_clkgate_0.ip                                                                                                                   ;
; ip/qsys_top/user_rst_clkgate_0/altera_s10_user_rst_clkgate_1941/synth/altera_s10_user_rst_clkgate.sv                                                ;
; ip/qsys_top/user_rst_clkgate_0/altera_s10_user_rst_clkgate_1941/synth/altera_s10_user_rst_clkgate_fm.sdc                                            ;
; ip/qsys_top/user_rst_clkgate_0/synth/user_rst_clkgate_0.v                                                                                           ;
; ip/qsys_top/user_rst_clkgate_0/user_rst_clkgate_0.bsf                                                                                               ;
; ip/qsys_top/user_rst_clkgate_0/user_rst_clkgate_0.cmp                                                                                               ;
; ip/qsys_top/user_rst_clkgate_0/user_rst_clkgate_0.html                                                                                              ;
; ip/qsys_top/user_rst_clkgate_0/user_rst_clkgate_0.qgsynthc                                                                                          ;
; ip/qsys_top/user_rst_clkgate_0/user_rst_clkgate_0.qip                                                                                               ;
; ip/qsys_top/user_rst_clkgate_0/user_rst_clkgate_0.sopcinfo                                                                                          ;
; ip/qsys_top/user_rst_clkgate_0/user_rst_clkgate_0.xml                                                                                               ;
; ip/qsys_top/user_rst_clkgate_0/user_rst_clkgate_0_bb.v                                                                                              ;
; ip/qsys_top/user_rst_clkgate_0/user_rst_clkgate_0_generation.rpt                                                                                    ;
; ip/qsys_top/user_rst_clkgate_0/user_rst_clkgate_0_generation_previous.rpt                                                                           ;
; ip/qsys_top/user_rst_clkgate_0/user_rst_clkgate_0_inst.v                                                                                            ;
; ip/qsys_top/user_rst_clkgate_0/user_rst_clkgate_0_inst.vhd                                                                                          ;
; jtag.sdc                                                                                                                                            ;
; qsys_top.qsys                                                                                                                                       ;
; qsys_top/altera_avalon_sc_fifo_1931/synth/qsys_top_altera_avalon_sc_fifo_1931_vhmcgqy.v                                                             ;
; qsys_top/altera_avalon_st_pipeline_stage_1920/synth/altera_avalon_st_pipeline_base.v                                                                ;
; qsys_top/altera_avalon_st_pipeline_stage_1920/synth/qsys_top_altera_avalon_st_pipeline_stage_1920_zterisq.sv                                        ;
; qsys_top/altera_irq_mapper_2000/synth/qsys_top_altera_irq_mapper_2000_5ooj4vq.sv                                                                    ;
; qsys_top/altera_merlin_axi_master_ni_1941/synth/altera_merlin_address_alignment.sv                                                                  ;
; qsys_top/altera_merlin_axi_master_ni_1941/synth/qsys_top_altera_merlin_axi_master_ni_1941_dfsyzvi.sv                                                ;
; qsys_top/altera_merlin_axi_slave_ni_1941/synth/altera_merlin_address_alignment.sv                                                                   ;
; qsys_top/altera_merlin_axi_slave_ni_1941/synth/altera_merlin_burst_uncompressor.sv                                                                  ;
; qsys_top/altera_merlin_axi_slave_ni_1941/synth/qsys_top_altera_merlin_axi_slave_ni_1941_5n2xbba.sv                                                  ;
; qsys_top/altera_merlin_axi_slave_ni_1941/synth/qsys_top_altera_merlin_axi_slave_ni_1941_fly5qya.sv                                                  ;
; qsys_top/altera_merlin_axi_slave_ni_1941/synth/qsys_top_altera_merlin_axi_slave_ni_altera_avalon_sc_fifo_1941_bpmaysq.v                             ;
; qsys_top/altera_merlin_axi_slave_ni_1941/synth/qsys_top_altera_merlin_axi_slave_ni_altera_avalon_sc_fifo_1941_xzy7d6y.v                             ;
; qsys_top/altera_merlin_axi_translator_1921/synth/qsys_top_altera_merlin_axi_translator_1921_rzjdxdi.sv                                              ;
; qsys_top/altera_merlin_axi_translator_1921/synth/qsys_top_altera_merlin_axi_translator_1921_uetfduq.sv                                              ;
; qsys_top/altera_merlin_burst_adapter_1923/synth/altera_default_burst_converter.sv                                                                   ;
; qsys_top/altera_merlin_burst_adapter_1923/synth/altera_incr_burst_converter.sv                                                                      ;
; qsys_top/altera_merlin_burst_adapter_1923/synth/altera_merlin_address_alignment.sv                                                                  ;
; qsys_top/altera_merlin_burst_adapter_1923/synth/altera_merlin_burst_adapter_13_1.sv                                                                 ;
; qsys_top/altera_merlin_burst_adapter_1923/synth/altera_merlin_burst_adapter_new.sv                                                                  ;
; qsys_top/altera_merlin_burst_adapter_1923/synth/altera_merlin_burst_adapter_uncmpr.sv                                                               ;
; qsys_top/altera_merlin_burst_adapter_1923/synth/altera_wrap_burst_converter.sv                                                                      ;
; qsys_top/altera_merlin_burst_adapter_1923/synth/qsys_top_altera_merlin_burst_adapter_1923_au4lvyi.sv                                                ;
; qsys_top/altera_merlin_burst_adapter_1923/synth/qsys_top_altera_merlin_burst_adapter_1923_j5yayaa.sv                                                ;
; qsys_top/altera_merlin_burst_adapter_1923/synth/qsys_top_altera_merlin_burst_adapter_1923_k4taf2q.sv                                                ;
; qsys_top/altera_merlin_burst_adapter_1923/synth/qsys_top_altera_merlin_burst_adapter_1923_mrsyxhy.sv                                                ;
; qsys_top/altera_merlin_burst_adapter_1923/synth/qsys_top_altera_merlin_burst_adapter_1923_rregqry.sv                                                ;
; qsys_top/altera_merlin_burst_adapter_1923/synth/qsys_top_altera_merlin_burst_adapter_altera_avalon_st_pipeline_stage_1923_ee7u5xy.v                 ;
; qsys_top/altera_merlin_burst_adapter_1923/synth/qsys_top_altera_merlin_burst_adapter_altera_avalon_st_pipeline_stage_1923_p3zimnq.v                 ;
; qsys_top/altera_merlin_burst_adapter_1923/synth/qsys_top_altera_merlin_burst_adapter_altera_avalon_st_pipeline_stage_1923_qidacgi.v                 ;
; qsys_top/altera_merlin_burst_adapter_1923/synth/qsys_top_altera_merlin_burst_adapter_altera_avalon_st_pipeline_stage_1923_ukedjsa.v                 ;
; qsys_top/altera_merlin_burst_adapter_1923/synth/qsys_top_altera_merlin_burst_adapter_altera_avalon_st_pipeline_stage_1923_vklaixq.v                 ;
; qsys_top/altera_merlin_demultiplexer_1921/synth/qsys_top_altera_merlin_demultiplexer_1921_32eezhy.sv                                                ;
; qsys_top/altera_merlin_demultiplexer_1921/synth/qsys_top_altera_merlin_demultiplexer_1921_cbjo7sq.sv                                                ;
; qsys_top/altera_merlin_demultiplexer_1921/synth/qsys_top_altera_merlin_demultiplexer_1921_ejbibiy.sv                                                ;
; qsys_top/altera_merlin_demultiplexer_1921/synth/qsys_top_altera_merlin_demultiplexer_1921_gjmmgwi.sv                                                ;
; qsys_top/altera_merlin_demultiplexer_1921/synth/qsys_top_altera_merlin_demultiplexer_1921_jss6m2a.sv                                                ;
; qsys_top/altera_merlin_demultiplexer_1921/synth/qsys_top_altera_merlin_demultiplexer_1921_n77vofi.sv                                                ;
; qsys_top/altera_merlin_demultiplexer_1921/synth/qsys_top_altera_merlin_demultiplexer_1921_odw5gvy.sv                                                ;
; qsys_top/altera_merlin_demultiplexer_1921/synth/qsys_top_altera_merlin_demultiplexer_1921_ueozcoi.sv                                                ;
; qsys_top/altera_merlin_demultiplexer_1921/synth/qsys_top_altera_merlin_demultiplexer_1921_ur5itvq.sv                                                ;
; qsys_top/altera_merlin_demultiplexer_1921/synth/qsys_top_altera_merlin_demultiplexer_1921_vnmpesq.sv                                                ;
; qsys_top/altera_merlin_demultiplexer_1921/synth/qsys_top_altera_merlin_demultiplexer_1921_zjcvwny.sv                                                ;
; qsys_top/altera_merlin_master_agent_191/synth/qsys_top_altera_merlin_master_agent_191_mpbm6tq.sv                                                    ;
; qsys_top/altera_merlin_master_translator_191/synth/qsys_top_altera_merlin_master_translator_191_g7h47bq.sv                                          ;
; qsys_top/altera_merlin_multiplexer_1921/synth/altera_merlin_arbitrator.sv                                                                           ;
; qsys_top/altera_merlin_multiplexer_1921/synth/qsys_top_altera_merlin_multiplexer_1921_57ub5cy.sv                                                    ;
; qsys_top/altera_merlin_multiplexer_1921/synth/qsys_top_altera_merlin_multiplexer_1921_b44jf7q.sv                                                    ;
; qsys_top/altera_merlin_multiplexer_1921/synth/qsys_top_altera_merlin_multiplexer_1921_bacgeha.sv                                                    ;
; qsys_top/altera_merlin_multiplexer_1921/synth/qsys_top_altera_merlin_multiplexer_1921_bcms7ua.sv                                                    ;
; qsys_top/altera_merlin_multiplexer_1921/synth/qsys_top_altera_merlin_multiplexer_1921_esvd2oi.sv                                                    ;
; qsys_top/altera_merlin_multiplexer_1921/synth/qsys_top_altera_merlin_multiplexer_1921_g3jn33y.sv                                                    ;
; qsys_top/altera_merlin_multiplexer_1921/synth/qsys_top_altera_merlin_multiplexer_1921_l3h6k3a.sv                                                    ;
; qsys_top/altera_merlin_multiplexer_1921/synth/qsys_top_altera_merlin_multiplexer_1921_lkkwwfi.sv                                                    ;
; qsys_top/altera_merlin_multiplexer_1921/synth/qsys_top_altera_merlin_multiplexer_1921_mpnocui.sv                                                    ;
; qsys_top/altera_merlin_multiplexer_1921/synth/qsys_top_altera_merlin_multiplexer_1921_mq2iztq.sv                                                    ;
; qsys_top/altera_merlin_multiplexer_1921/synth/qsys_top_altera_merlin_multiplexer_1921_nte3bmq.sv                                                    ;
; qsys_top/altera_merlin_multiplexer_1921/synth/qsys_top_altera_merlin_multiplexer_1921_yxwngua.sv                                                    ;
; qsys_top/altera_merlin_router_1921/synth/qsys_top_altera_merlin_router_1921_33rdwui.sv                                                              ;
; qsys_top/altera_merlin_router_1921/synth/qsys_top_altera_merlin_router_1921_3ulduai.sv                                                              ;
; qsys_top/altera_merlin_router_1921/synth/qsys_top_altera_merlin_router_1921_ah6c3va.sv                                                              ;
; qsys_top/altera_merlin_router_1921/synth/qsys_top_altera_merlin_router_1921_dxwzily.sv                                                              ;
; qsys_top/altera_merlin_router_1921/synth/qsys_top_altera_merlin_router_1921_e4p6dtq.sv                                                              ;
; qsys_top/altera_merlin_router_1921/synth/qsys_top_altera_merlin_router_1921_fr2l3gq.sv                                                              ;
; qsys_top/altera_merlin_router_1921/synth/qsys_top_altera_merlin_router_1921_gksrcgq.sv                                                              ;
; qsys_top/altera_merlin_router_1921/synth/qsys_top_altera_merlin_router_1921_gojpxbi.sv                                                              ;
; qsys_top/altera_merlin_router_1921/synth/qsys_top_altera_merlin_router_1921_jq3g7ni.sv                                                              ;
; qsys_top/altera_merlin_router_1921/synth/qsys_top_altera_merlin_router_1921_kdwuqsq.sv                                                              ;
; qsys_top/altera_merlin_router_1921/synth/qsys_top_altera_merlin_router_1921_knzvu7i.sv                                                              ;
; qsys_top/altera_merlin_router_1921/synth/qsys_top_altera_merlin_router_1921_lkuh5yi.sv                                                              ;
; qsys_top/altera_merlin_router_1921/synth/qsys_top_altera_merlin_router_1921_t5znvwq.sv                                                              ;
; qsys_top/altera_merlin_router_1921/synth/qsys_top_altera_merlin_router_1921_wjrkoiq.sv                                                              ;
; qsys_top/altera_merlin_router_1921/synth/qsys_top_altera_merlin_router_1921_zpn6mja.sv                                                              ;
; qsys_top/altera_merlin_slave_agent_191/synth/altera_merlin_burst_uncompressor.sv                                                                    ;
; qsys_top/altera_merlin_slave_agent_191/synth/qsys_top_altera_merlin_slave_agent_191_ncfkfri.sv                                                      ;
; qsys_top/altera_merlin_slave_translator_191/synth/qsys_top_altera_merlin_slave_translator_191_x56fcki.sv                                            ;
; qsys_top/altera_merlin_traffic_limiter_191/synth/altera_avalon_st_pipeline_base.v                                                                   ;
; qsys_top/altera_merlin_traffic_limiter_191/synth/altera_merlin_reorder_memory.sv                                                                    ;
; qsys_top/altera_merlin_traffic_limiter_191/synth/qsys_top_altera_merlin_traffic_limiter_191_6blplji.sv                                              ;
; qsys_top/altera_merlin_traffic_limiter_191/synth/qsys_top_altera_merlin_traffic_limiter_altera_avalon_sc_fifo_191_eo3srya.v                         ;
; qsys_top/altera_merlin_width_adapter_1920/synth/altera_merlin_address_alignment.sv                                                                  ;
; qsys_top/altera_merlin_width_adapter_1920/synth/altera_merlin_burst_uncompressor.sv                                                                 ;
; qsys_top/altera_merlin_width_adapter_1920/synth/qsys_top_altera_merlin_width_adapter_1920_b4akxqa.sv                                                ;
; qsys_top/altera_merlin_width_adapter_1920/synth/qsys_top_altera_merlin_width_adapter_1920_ez32rhq.sv                                                ;
; qsys_top/altera_merlin_width_adapter_1920/synth/qsys_top_altera_merlin_width_adapter_1920_juef5uq.sv                                                ;
; qsys_top/altera_merlin_width_adapter_1920/synth/qsys_top_altera_merlin_width_adapter_1920_kfhpo5a.sv                                                ;
; qsys_top/altera_merlin_width_adapter_1920/synth/qsys_top_altera_merlin_width_adapter_1920_pbpa2vy.sv                                                ;
; qsys_top/altera_merlin_width_adapter_1920/synth/qsys_top_altera_merlin_width_adapter_1920_td55exi.sv                                                ;
; qsys_top/altera_mm_interconnect_1920/synth/qsys_top_altera_mm_interconnect_1920_2rb3z4y.v                                                           ;
; qsys_top/altera_mm_interconnect_1920/synth/qsys_top_altera_mm_interconnect_1920_4zewkiy.v                                                           ;
; qsys_top/altera_mm_interconnect_1920/synth/qsys_top_altera_mm_interconnect_1920_aw6c7xa.v                                                           ;
; qsys_top/altera_mm_interconnect_1920/synth/qsys_top_altera_mm_interconnect_1920_coixbni.v                                                           ;
; qsys_top/altera_mm_interconnect_1920/synth/qsys_top_altera_mm_interconnect_1920_iptzvwa.v                                                           ;
; qsys_top/altera_mm_interconnect_1920/synth/qsys_top_altera_mm_interconnect_1920_p5vy5vq.v                                                           ;
; qsys_top/altera_reset_controller_1921/synth/altera_reset_controller.sdc                                                                             ;
; qsys_top/altera_reset_controller_1921/synth/altera_reset_controller.v                                                                               ;
; qsys_top/altera_reset_controller_1921/synth/altera_reset_synchronizer.v                                                                             ;
; qsys_top/qsys_top.bsf                                                                                                                               ;
; qsys_top/qsys_top.cmp                                                                                                                               ;
; qsys_top/qsys_top.html                                                                                                                              ;
; qsys_top/qsys_top.qgsynthc                                                                                                                          ;
; qsys_top/qsys_top.qip                                                                                                                               ;
; qsys_top/qsys_top.regmap                                                                                                                            ;
; qsys_top/qsys_top.sopcinfo                                                                                                                          ;
; qsys_top/qsys_top.xml                                                                                                                               ;
; qsys_top/qsys_top_bb.v                                                                                                                              ;
; qsys_top/qsys_top_generation.rpt                                                                                                                    ;
; qsys_top/qsys_top_generation_previous.rpt                                                                                                           ;
; qsys_top/qsys_top_inst.v                                                                                                                            ;
; qsys_top/qsys_top_inst.vhd                                                                                                                          ;
; qsys_top/synth/qsys_top.v                                                                                                                           ;
; src/debounce.v                                                                                                                                      ;
; src/ghrd_agilex_top.sv                                                                                                                              ;
; tmp-clearbox/ghrd_agfb014r24b2e2v/7694/a_dpfifo_u071.tdf                                                                                            ;
; tmp-clearbox/ghrd_agfb014r24b2e2v/7694/altera_syncram_a8k1.tdf                                                                                      ;
; tmp-clearbox/ghrd_agfb014r24b2e2v/7694/altera_syncram_impl_3f04.tdf                                                                                 ;
; tmp-clearbox/ghrd_agfb014r24b2e2v/7694/altera_syncram_impl_ksr3.tdf                                                                                 ;
; tmp-clearbox/ghrd_agfb014r24b2e2v/7694/altera_syncram_impl_upm4.tdf                                                                                 ;
; tmp-clearbox/ghrd_agfb014r24b2e2v/7694/altsyncram_g412.tdf                                                                                          ;
; tmp-clearbox/ghrd_agfb014r24b2e2v/7694/altsyncram_qnj1.tdf                                                                                          ;
; tmp-clearbox/ghrd_agfb014r24b2e2v/7694/cmpr_45b.tdf                                                                                                 ;
; tmp-clearbox/ghrd_agfb014r24b2e2v/7694/scfifo_b971.tdf                                                                                              ;
+-----------------------------------------------------------------------------------------------------------------------------------------------------+


+--------------------+
; Files Not Restored ;
+--------------------+
; File Name          ;
+--------------------+


