Info: Generated by version: 22.4 build 94
Info: Starting: Create block symbol file (.bsf)
Info: qsys-generate /home/wisig/sam/success_ghrd/agilex_soc_devkit_ghrd/subsys_jtg_mst.qsys --block-symbol-file --output-directory=/home/wisig/sam/success_ghrd/agilex_soc_devkit_ghrd/subsys_jtg_mst --family=Agilex --part=AGFB014R24B2E2V
Progress: Loading agilex_soc_devkit_ghrd/subsys_jtg_mst.qsys
Progress: Reading input file
Progress: Parameterizing module fpga_m
Progress: Parameterizing module hps_m
Progress: Parameterizing module jtag_clk
Progress: Parameterizing module jtag_rst_in
Progress: Building connections
Progress: Parameterizing connections
Progress: Validating
Progress: Done reading input file
Info: Finished: Create block symbol file (.bsf)
Info: 
Info: Starting: Create HDL design files for synthesis
Info: qsys-generate /home/wisig/sam/success_ghrd/agilex_soc_devkit_ghrd/subsys_jtg_mst.qsys --synthesis=VERILOG --output-directory=/home/wisig/sam/success_ghrd/agilex_soc_devkit_ghrd/subsys_jtg_mst --family=Agilex --part=AGFB014R24B2E2V
Progress: Loading agilex_soc_devkit_ghrd/subsys_jtg_mst.qsys
Progress: Reading input file
Progress: Parameterizing module fpga_m
Progress: Parameterizing module hps_m
Progress: Parameterizing module jtag_clk
Progress: Parameterizing module jtag_rst_in
Progress: Building connections
Progress: Parameterizing connections
Progress: Validating
Progress: Done reading input file
Info: subsys_jtg_mst: "Transforming system: subsys_jtg_mst"
Info: subsys_jtg_mst: "Naming system components in system: subsys_jtg_mst"
Info: subsys_jtg_mst: "Processing generation queue"
Info: subsys_jtg_mst: "Generating: subsys_jtg_mst"
Info: subsys_jtg_mst: "Generating: fpga_m"
Info: subsys_jtg_mst: "Generating: hps_m"
Info: subsys_jtg_mst: "Generating: jtag_clk"
Info: subsys_jtg_mst: "Generating: jtag_rst_in"
Info: subsys_jtg_mst: Done "subsys_jtg_mst" with 5 modules, 1 files
Info: Finished: Create HDL design files for synthesis
