Info: Generated by version: 22.4 build 94
Info: Starting: Create block symbol file (.bsf)
Info: qsys-generate /home/wisig/sam/demo/qsys_top.qsys --block-symbol-file --output-directory=/home/wisig/sam/demo/qsys_top --family=Agilex --part=AGFB014R24B2E2V
Progress: Loading demo/qsys_top.qsys
Progress: Reading input file
Progress: Parameterizing module agilex_hps
Progress: Parameterizing module clk_100
Progress: Parameterizing module emif_calbus_0
Progress: Parameterizing module emif_hps
Progress: Parameterizing module msgdma_0
Progress: Parameterizing module onchip_memory2_0
Progress: Parameterizing module pio_1
Progress: Parameterizing module rst_in
Progress: Parameterizing module user_rst_clkgate_0
Progress: Building connections
Progress: Parameterizing connections
Progress: Validating
Progress: Done reading input file
Info: Finished: Create block symbol file (.bsf)
Info: 
Info: Starting: Create HDL design files for synthesis
Info: qsys-generate /home/wisig/sam/demo/qsys_top.qsys --synthesis=VERILOG --output-directory=/home/wisig/sam/demo/qsys_top --family=Agilex --part=AGFB014R24B2E2V
Progress: Loading demo/qsys_top.qsys
Progress: Reading input file
Progress: Parameterizing module agilex_hps
Progress: Parameterizing module clk_100
Progress: Parameterizing module emif_calbus_0
Progress: Parameterizing module emif_hps
Progress: Parameterizing module msgdma_0
Progress: Parameterizing module onchip_memory2_0
Progress: Parameterizing module pio_1
Progress: Parameterizing module rst_in
Progress: Parameterizing module user_rst_clkgate_0
Progress: Building connections
Progress: Parameterizing connections
Progress: Validating
Progress: Done reading input file
Info: qsys_top: "Transforming system: qsys_top"
Info: Interconnect is inserted between master agilex_hps.h2f_lw_axi_master and slave pio_1.s1 because the master is of type axi4 and the slave is of type avalon.
Info: Interconnect is inserted between master msgdma_0.mm_read and slave agilex_hps.f2h_axi_slave because the master is of type avalon and the slave is of type axi4.
Warning: agilex_hps.f2h_irq0: Cannot connect clock for irq_mapper.sender
Warning: agilex_hps.f2h_irq0: Cannot connect reset for irq_mapper.sender
Info: qsys_top: "Naming system components in system: qsys_top"
Info: qsys_top: "Processing generation queue"
Info: qsys_top: "Generating: qsys_top"
Info: qsys_top: "Generating: agilex_hps"
Info: qsys_top: "Generating: clk_100"
Info: qsys_top: "Generating: emif_calbus_0"
Info: qsys_top: "Generating: emif_hps"
Info: qsys_top: "Generating: qsys_top_msgdma_0"
Info: qsys_top: "Generating: qsys_top_onchip_memory2_0"
Info: qsys_top: "Generating: qsys_top_pio_1"
Info: qsys_top: "Generating: rst_in"
Info: qsys_top: "Generating: user_rst_clkgate_0"
Info: qsys_top: "Generating: qsys_top_altera_mm_interconnect_1920_hdhmr4a"
Info: qsys_top: "Generating: qsys_top_altera_mm_interconnect_1920_aw6c7xa"
Info: qsys_top: "Generating: qsys_top_altera_mm_interconnect_1920_la4q6qq"
Info: qsys_top: "Generating: qsys_top_altera_irq_mapper_2000_5ooj4vq"
Info: qsys_top: "Generating: altera_reset_controller"
Info: qsys_top: "Generating: qsys_top_altera_merlin_axi_translator_1921_uetfduq"
Info: qsys_top: "Generating: qsys_top_altera_merlin_slave_translator_191_x56fcki"
Info: qsys_top: "Generating: qsys_top_altera_merlin_axi_master_ni_1941_dfsyzvi"
Info: qsys_top: "Generating: qsys_top_altera_merlin_slave_agent_191_ncfkfri"
Info: qsys_top: "Generating: qsys_top_altera_avalon_sc_fifo_1931_vhmcgqy"
Info: qsys_top: "Generating: qsys_top_altera_merlin_router_1921_yheedri"
Info: qsys_top: "Generating: qsys_top_altera_merlin_router_1921_ah6c3va"
Info: qsys_top: "Generating: qsys_top_altera_merlin_router_1921_knzvu7i"
Info: qsys_top: "Generating: qsys_top_altera_merlin_traffic_limiter_191_6blplji"
Info: my_altera_avalon_sc_fifo_dest_id_fifo: "Generating: my_altera_avalon_sc_fifo_dest_id_fifo"
Info: qsys_top: "Generating: qsys_top_altera_merlin_burst_adapter_1923_rregqry"
Info: my_altera_avalon_st_pipeline_stage: "Generating: my_altera_avalon_st_pipeline_stage"
Info: qsys_top: "Generating: qsys_top_altera_merlin_burst_adapter_1923_k4taf2q"
Info: my_altera_avalon_st_pipeline_stage: "Generating: my_altera_avalon_st_pipeline_stage"
Info: qsys_top: "Generating: qsys_top_altera_merlin_demultiplexer_1921_odw5gvy"
Info: qsys_top: "Generating: qsys_top_altera_merlin_multiplexer_1921_yxwngua"
Info: qsys_top: "Generating: qsys_top_altera_merlin_demultiplexer_1921_ur5itvq"
Info: qsys_top: "Generating: qsys_top_altera_merlin_multiplexer_1921_mq2iztq"
Info: qsys_top: "Generating: qsys_top_altera_merlin_width_adapter_1920_pbpa2vy"
Info: qsys_top: "Generating: qsys_top_altera_merlin_width_adapter_1920_kfhpo5a"
Info: qsys_top: "Generating: qsys_top_altera_merlin_router_1921_33rdwui"
Info: qsys_top: "Generating: qsys_top_altera_merlin_router_1921_dxwzily"
Info: qsys_top: "Generating: qsys_top_altera_merlin_burst_adapter_1923_mrsyxhy"
Info: my_altera_avalon_st_pipeline_stage: "Generating: my_altera_avalon_st_pipeline_stage"
Info: qsys_top: "Generating: qsys_top_altera_merlin_demultiplexer_1921_jss6m2a"
Info: qsys_top: "Generating: qsys_top_altera_merlin_multiplexer_1921_mpnocui"
Info: qsys_top: "Generating: qsys_top_altera_merlin_demultiplexer_1921_ueozcoi"
Info: qsys_top: "Generating: qsys_top_altera_merlin_multiplexer_1921_lkkwwfi"
Info: qsys_top: "Generating: qsys_top_altera_merlin_master_translator_191_g7h47bq"
Info: qsys_top: "Generating: qsys_top_altera_merlin_master_agent_191_mpbm6tq"
Info: qsys_top: "Generating: qsys_top_altera_merlin_axi_slave_ni_1941_5n2xbba"
Info: my_altera_avalon_sc_fifo_wr: "Generating: my_altera_avalon_sc_fifo_wr"
Info: my_altera_avalon_sc_fifo_rd: "Generating: my_altera_avalon_sc_fifo_rd"
Info: qsys_top: "Generating: qsys_top_altera_merlin_router_1921_nf2zqzy"
Info: qsys_top: "Generating: qsys_top_altera_merlin_router_1921_kdwuqsq"
Info: qsys_top: "Generating: qsys_top_altera_merlin_demultiplexer_1921_yzrtgpi"
Info: qsys_top: "Generating: qsys_top_altera_merlin_multiplexer_1921_6knjf5i"
Info: qsys_top: "Generating: qsys_top_altera_merlin_demultiplexer_1921_ow7izai"
Info: qsys_top: "Generating: qsys_top_altera_merlin_multiplexer_1921_sioh2ji"
Info: qsys_top: "Generating: qsys_top_altera_merlin_traffic_limiter_altera_avalon_sc_fifo_191_eo3srya"
Info: qsys_top: "Generating: qsys_top_altera_merlin_burst_adapter_altera_avalon_st_pipeline_stage_1923_ukedjsa"
Info: qsys_top: "Generating: qsys_top_altera_merlin_burst_adapter_altera_avalon_st_pipeline_stage_1923_qidacgi"
Info: qsys_top: "Generating: qsys_top_altera_merlin_burst_adapter_altera_avalon_st_pipeline_stage_1923_vklaixq"
Info: qsys_top: "Generating: qsys_top_altera_merlin_axi_slave_ni_altera_avalon_sc_fifo_1941_xzy7d6y"
Info: qsys_top: "Generating: qsys_top_altera_avalon_st_pipeline_stage_1920_zterisq"
Info: qsys_top: Done "qsys_top" with 54 modules, 85 files
Info: Finished: Create HDL design files for synthesis
